app/build/intermediates/manifest_merge_blame_file/debug/manifest-merger-blame-debug-report.txt
1<?xml version="1.0" encoding="utf-8"?>
2<manifest xmlns:android="http://schemas.android.com/apk/res/android"
3    package="com.codegama.todolistapplication"
4    android:versionCode="1"
5    android:versionName="1.0" >
6
7    <uses-sdk
8        android:minSdkVersion="21"
8-->src/main/AndroidManifest.xml
9        android:targetSdkVersion="29" />
9-->src/main/AndroidManifest.xml
10
11    <uses-permission android:name="android.permission.WAKE_LOCK" />
11-->src/main/AndroidManifest.xml:35:5-68
11-->src/main/AndroidManifest.xml:35:22-65
12    <uses-permission android:name="android.permission.RECEIVE_BOOT_COMPLETED" />
12-->src/main/AndroidManifest.xml:36:5-81
12-->src/main/AndroidManifest.xml:36:22-78
13
14    <application
14-->src/main/AndroidManifest.xml:5:5-33:19
15        android:name="com.codegama.todolistapplication.AppController"
15-->src/main/AndroidManifest.xml:6:9-38
16        android:allowBackup="true"
16-->src/main/AndroidManifest.xml:7:9-35
17        android:appComponentFactory="androidx.core.app.CoreComponentFactory"
17-->[androidx.core:core:1.1.0] AndroidManifest.xml:24:18-86
18        android:debuggable="true"
19        android:icon="@mipmap/ic_launcher"
19-->src/main/AndroidManifest.xml:8:9-43
20        android:label="@string/app_name"
20-->src/main/AndroidManifest.xml:9:9-41
21        android:roundIcon="@mipmap/ic_launcher_round"
21-->src/main/AndroidManifest.xml:10:9-54
22        android:supportsRtl="true"
22-->src/main/AndroidManifest.xml:11:9-35
23        android:testOnly="true"
24        android:theme="@style/AppTheme" >
24-->src/main/AndroidManifest.xml:12:9-40
25        <activity android:name="com.codegama.todolistapplication.activity.AlarmActivity" />
25-->src/main/AndroidManifest.xml:13:9-69
25-->src/main/AndroidManifest.xml:13:19-57
26        <activity android:name="com.codegama.todolistapplication.activity.MainActivity" >
26-->src/main/AndroidManifest.xml:14:9-20:20
26-->src/main/AndroidManifest.xml:14:19-56
27            <intent-filter>
27-->src/main/AndroidManifest.xml:15:13-19:29
28                <action android:name="android.intent.action.MAIN" />
28-->src/main/AndroidManifest.xml:16:17-69
28-->src/main/AndroidManifest.xml:16:25-66
29
30                <category android:name="android.intent.category.LAUNCHER" />
30-->src/main/AndroidManifest.xml:18:17-77
30-->src/main/AndroidManifest.xml:18:27-74
31            </intent-filter>
32        </activity>
33
34        <receiver
34-->src/main/AndroidManifest.xml:22:9-27:20
35            android:name="com.codegama.todolistapplication.broadcastReceiver.AlarmBroadcastReceiver"
35-->src/main/AndroidManifest.xml:22:19-75
36            android:enabled="false" >
36-->src/main/AndroidManifest.xml:23:13-36
37            <intent-filter>
37-->src/main/AndroidManifest.xml:24:13-26:29
38                <action android:name="android.intent.action.BOOT_COMPLETED" />
38-->src/main/AndroidManifest.xml:25:17-86
38-->src/main/AndroidManifest.xml:25:25-76
39            </intent-filter>
40        </receiver>
41
42        <service
42-->src/main/AndroidManifest.xml:29:9-31:38
43            android:name="com.codegama.todolistapplication.broadcastReceiver.AlarmService"
43-->src/main/AndroidManifest.xml:29:18-64
44            android:enabled="true"
44-->src/main/AndroidManifest.xml:30:13-35
45            android:exported="true" />
45-->src/main/AndroidManifest.xml:31:13-36
46
47        <receiver android:name="com.zubair.alarmmanager.receivers.BootCompleteReceiver" >
47-->[com.github.zubairehman:AlarmManager:v1.2.0-alpha01] AndroidManifest.xml:14:9-18:20
47-->[com.github.zubairehman:AlarmManager:v1.2.0-alpha01] AndroidManifest.xml:14:19-88
48            <intent-filter>
48-->src/main/AndroidManifest.xml:24:13-26:29
49                <action android:name="android.intent.action.BOOT_COMPLETED" />
49-->src/main/AndroidManifest.xml:25:17-86
49-->src/main/AndroidManifest.xml:25:25-76
50            </intent-filter>
51        </receiver>
52
53        <service
53-->[androidx.room:room-runtime:2.2.5] AndroidManifest.xml:25:9-28:40
54            android:name="androidx.room.MultiInstanceInvalidationService"
54-->[androidx.room:room-runtime:2.2.5] AndroidManifest.xml:26:13-74
55            android:directBootAware="true"
55-->[androidx.room:room-runtime:2.2.5] AndroidManifest.xml:27:13-43
56            android:exported="false" />
56-->[androidx.room:room-runtime:2.2.5] AndroidManifest.xml:28:13-37
57    </application>
58
59</manifest>